# JRE version: OpenJDK Runtime Environment (21.0.3) (build 21.0.3+-12282718-b509.11)
# Java VM: OpenJDK 64-Bit Server VM (21.0.3+-12282718-b509.11, mixed mode, tiered, compressed oops, compressed class ptrs, g1 gc, windows-amd64)
GC Precious Log:
 CardTable entry size: 512
 Card Set container configuration: InlinePtr #cards 5 size 8 Array Of Cards #cards 12 size 40 Howl #buckets 4 coarsen threshold 1843 Howl Bitmap #cards 512 size 80 coarsen threshold 460 Card regions per heap region 1 cards per card region 2048
 CPUs: 12 total, 12 available
 Memory: 16307M
 Large Page Support: Disabled
 NUMA Support: Disabled
 Compressed Oops: Enabled (32-bit)
 Heap Region Size: 1M
 Heap Min Capacity: 8M
 Heap Initial Capacity: 256M
 Heap Max Capacity: 2G
 Pre-touch: Disabled
 Parallel Workers: 10
 Concurrent Workers: 3
 Concurrent Refinement Workers: 10
 Periodic GC: Disabled
Heap:
 garbage-first heap   total 391168K, used 265458K [0x0000000080000000, 0x0000000100000000)
  region size 1024K, 4 young (4096K), 4 survivors (4096K)
 Metaspace       used 123179K, committed 125376K, reserved 1179648K
  class space    used 16564K, committed 17664K, reserved 1048576K
GC Heap History (20 events):
Event: 7.975 GC heap after
{Heap after GC invocations=36 (full 0):
 garbage-first heap   total 199680K, used 101091K [0x0000000080000000, 0x0000000100000000)
  region size 1024K, 6 young (6144K), 6 survivors (6144K)
 Metaspace       used 104505K, committed 106688K, reserved 1179648K
  class space    used 14470K, committed 15552K, reserved 1048576K
}
Event: 9.645 GC heap before
{Heap before GC invocations=36 (full 0):
 garbage-first heap   total 199680K, used 179939K [0x0000000080000000, 0x0000000100000000)
  region size 1024K, 84 young (86016K), 6 survivors (6144K)
 Metaspace       used 105975K, committed 108096K, reserved 1179648K
  class space    used 14643K, committed 15680K, reserved 1048576K
}
Event: 9.650 GC heap after
{Heap after GC invocations=37 (full 0):
 garbage-first heap   total 199680K, used 105321K [0x0000000080000000, 0x0000000100000000)
  region size 1024K, 10 young (10240K), 10 survivors (10240K)
 Metaspace       used 105975K, committed 108096K, reserved 1179648K
  class space    used 14643K, committed 15680K, reserved 1048576K
}
Event: 10.430 GC heap before
{Heap before GC invocations=38 (full 0):
 garbage-first heap   total 199680K, used 177001K [0x0000000080000000, 0x0000000100000000)
  region size 1024K, 80 young (81920K), 10 survivors (10240K)
 Metaspace       used 108216K, committed 110336K, reserved 1179648K
  class space    used 14964K, committed 16000K, reserved 1048576K
}
Event: 10.434 GC heap after
{Heap after GC invocations=39 (full 0):
 garbage-first heap   total 199680K, used 110059K [0x0000000080000000, 0x0000000100000000)
  region size 1024K, 7 young (7168K), 7 survivors (7168K)
 Metaspace       used 108216K, committed 110336K, reserved 1179648K
  class space    used 14964K, committed 16000K, reserved 1048576K
}
Event: 10.869 GC heap before
{Heap before GC invocations=39 (full 0):
 garbage-first heap   total 199680K, used 180715K [0x0000000080000000, 0x0000000100000000)
  region size 1024K, 75 young (76800K), 7 survivors (7168K)
 Metaspace       used 113815K, committed 115968K, reserved 1179648K
  class space    used 15642K, committed 16704K, reserved 1048576K
}
Event: 10.876 GC heap after
{Heap after GC invocations=40 (full 0):
 garbage-first heap   total 202752K, used 121637K [0x0000000080000000, 0x0000000100000000)
  region size 1024K, 10 young (10240K), 10 survivors (10240K)
 Metaspace       used 113815K, committed 115968K, reserved 1179648K
  class space    used 15642K, committed 16704K, reserved 1048576K
}
Event: 11.250 GC heap before
{Heap before GC invocations=40 (full 0):
 garbage-first heap   total 202752K, used 180005K [0x0000000080000000, 0x0000000100000000)
  region size 1024K, 67 young (68608K), 10 survivors (10240K)
 Metaspace       used 114670K, committed 116800K, reserved 1179648K
  class space    used 15712K, committed 16768K, reserved 1048576K
}
Event: 11.259 GC heap after
{Heap after GC invocations=41 (full 0):
 garbage-first heap   total 245760K, used 136085K [0x0000000080000000, 0x0000000100000000)
  region size 1024K, 9 young (9216K), 9 survivors (9216K)
 Metaspace       used 114670K, committed 116800K, reserved 1179648K
  class space    used 15712K, committed 16768K, reserved 1048576K
}
Event: 11.698 GC heap before
{Heap before GC invocations=42 (full 0):
 garbage-first heap   total 245760K, used 216981K [0x0000000080000000, 0x0000000100000000)
  region size 1024K, 86 young (88064K), 9 survivors (9216K)
 Metaspace       used 118883K, committed 121088K, reserved 1179648K
  class space    used 16024K, committed 17088K, reserved 1048576K
}
Event: 11.711 GC heap after
{Heap after GC invocations=43 (full 0):
 garbage-first heap   total 248832K, used 158720K [0x0000000080000000, 0x0000000100000000)
  region size 1024K, 11 young (11264K), 11 survivors (11264K)
 Metaspace       used 118883K, committed 121088K, reserved 1179648K
  class space    used 16024K, committed 17088K, reserved 1048576K
}
Event: 11.875 GC heap before
{Heap before GC invocations=43 (full 0):
 garbage-first heap   total 248832K, used 212992K [0x0000000080000000, 0x0000000100000000)
  region size 1024K, 64 young (65536K), 11 survivors (11264K)
 Metaspace       used 119699K, committed 121920K, reserved 1179648K
  class space    used 16114K, committed 17216K, reserved 1048576K
}
Event: 11.892 GC heap after
{Heap after GC invocations=44 (full 0):
 garbage-first heap   total 269312K, used 200704K [0x0000000080000000, 0x0000000100000000)
  region size 1024K, 8 young (8192K), 8 survivors (8192K)
 Metaspace       used 119699K, committed 121920K, reserved 1179648K
  class space    used 16114K, committed 17216K, reserved 1048576K
}
Event: 12.137 GC heap before
{Heap before GC invocations=44 (full 0):
 garbage-first heap   total 269312K, used 230400K [0x0000000080000000, 0x0000000100000000)
  region size 1024K, 37 young (37888K), 8 survivors (8192K)
 Metaspace       used 123030K, committed 125248K, reserved 1179648K
  class space    used 16562K, committed 17664K, reserved 1048576K
}
Event: 12.142 GC heap after
{Heap after GC invocations=45 (full 0):
 garbage-first heap   total 269312K, used 205628K [0x0000000080000000, 0x0000000100000000)
  region size 1024K, 3 young (3072K), 3 survivors (3072K)
 Metaspace       used 123030K, committed 125248K, reserved 1179648K
  class space    used 16562K, committed 17664K, reserved 1048576K
}
Event: 12.252 GC heap before
{Heap before GC invocations=45 (full 0):
 garbage-first heap   total 382976K, used 236348K [0x0000000080000000, 0x0000000100000000)
  region size 1024K, 33 young (33792K), 3 survivors (3072K)
 Metaspace       used 123096K, committed 125312K, reserved 1179648K
  class space    used 16562K, committed 17664K, reserved 1048576K
}
Event: 12.255 GC heap after
{Heap after GC invocations=46 (full 0):
 garbage-first heap   total 382976K, used 206382K [0x0000000080000000, 0x0000000100000000)
  region size 1024K, 4 young (4096K), 4 survivors (4096K)
 Metaspace       used 123096K, committed 125312K, reserved 1179648K
  class space    used 16562K, committed 17664K, reserved 1048576K
}
Event: 12.465 GC heap before
{Heap before GC invocations=47 (full 0):
 garbage-first heap   total 382976K, used 319022K [0x0000000080000000, 0x0000000100000000)
  region size 1024K, 114 young (116736K), 4 survivors (4096K)
 Metaspace       used 123140K, committed 125312K, reserved 1179648K
  class space    used 16563K, committed 17664K, reserved 1048576K
}
Event: 12.483 GC heap after
{Heap after GC invocations=48 (full 0):
 garbage-first heap   total 391168K, used 273919K [0x0000000080000000, 0x0000000100000000)
  region size 1024K, 15 young (15360K), 15 survivors (15360K)
 Metaspace       used 123140K, committed 125312K, reserved 1179648K
  class space    used 16563K, committed 17664K, reserved 1048576K
}
Event: 12.557 GC heap before
{Heap before GC invocations=48 (full 0):
 garbage-first heap   total 391168K, used 334335K [0x0000000080000000, 0x0000000100000000)
  region size 1024K, 74 young (75776K), 15 survivors (15360K)
 Metaspace       used 123179K, committed 125376K, reserved 1179648K
  class space    used 16564K, committed 17664K, reserved 1048576K
}

