# JRE version: OpenJDK Runtime Environment (21.0.3) (build 21.0.3+-12282718-b509.11)
# Java VM: OpenJDK 64-Bit Server VM (21.0.3+-12282718-b509.11, mixed mode, tiered, compressed oops, compressed class ptrs, g1 gc, windows-amd64)
GC Precious Log:
 CardTable entry size: 512
 Card Set container configuration: InlinePtr #cards 5 size 8 Array Of Cards #cards 12 size 40 Howl #buckets 4 coarsen threshold 1843 Howl Bitmap #cards 512 size 80 coarsen threshold 460 Card regions per heap region 1 cards per card region 2048
 CPUs: 12 total, 12 available
 Memory: 16307M
 Large Page Support: Disabled
 NUMA Support: Disabled
 Compressed Oops: Enabled (32-bit)
 Heap Region Size: 1M
 Heap Min Capacity: 8M
 Heap Initial Capacity: 256M
 Heap Max Capacity: 2G
 Pre-touch: Disabled
 Parallel Workers: 10
 Concurrent Workers: 3
 Concurrent Refinement Workers: 10
 Periodic GC: Disabled
Heap:
 garbage-first heap   total 357376K, used 254976K [0x0000000080000000, 0x0000000100000000)
  region size 1024K, 9 young (9216K), 9 survivors (9216K)
 Metaspace       used 120194K, committed 122368K, reserved 1179648K
  class space    used 16177K, committed 17280K, reserved 1048576K
GC Heap History (20 events):
Event: 8.457 GC heap after
{Heap after GC invocations=42 (full 0):
 garbage-first heap   total 181248K, used 96849K [0x0000000080000000, 0x0000000100000000)
  region size 1024K, 5 young (5120K), 5 survivors (5120K)
 Metaspace       used 105343K, committed 107456K, reserved 1179648K
  class space    used 14585K, committed 15616K, reserved 1048576K
}
Event: 8.887 GC heap before
{Heap before GC invocations=42 (full 0):
 garbage-first heap   total 181248K, used 163409K [0x0000000080000000, 0x0000000100000000)
  region size 1024K, 70 young (71680K), 5 survivors (5120K)
 Metaspace       used 110877K, committed 113024K, reserved 1179648K
  class space    used 15260K, committed 16320K, reserved 1048576K
}
Event: 8.895 GC heap after
{Heap after GC invocations=43 (full 0):
 garbage-first heap   total 182272K, used 106089K [0x0000000080000000, 0x0000000100000000)
  region size 1024K, 9 young (9216K), 9 survivors (9216K)
 Metaspace       used 110877K, committed 113024K, reserved 1179648K
  class space    used 15260K, committed 16320K, reserved 1048576K
}
Event: 8.921 GC heap before
{Heap before GC invocations=43 (full 0):
 garbage-first heap   total 182272K, used 111209K [0x0000000080000000, 0x0000000100000000)
  region size 1024K, 15 young (15360K), 9 survivors (9216K)
 Metaspace       used 110910K, committed 113024K, reserved 1179648K
  class space    used 15263K, committed 16320K, reserved 1048576K
}
Event: 8.926 GC heap after
{Heap after GC invocations=44 (full 0):
 garbage-first heap   total 182272K, used 108481K [0x0000000080000000, 0x0000000100000000)
  region size 1024K, 2 young (2048K), 2 survivors (2048K)
 Metaspace       used 110910K, committed 113024K, reserved 1179648K
  class space    used 15263K, committed 16320K, reserved 1048576K
}
Event: 9.284 GC heap before
{Heap before GC invocations=45 (full 0):
 garbage-first heap   total 201728K, used 161729K [0x0000000080000000, 0x0000000100000000)
  region size 1024K, 52 young (53248K), 2 survivors (2048K)
 Metaspace       used 111600K, committed 113728K, reserved 1179648K
  class space    used 15325K, committed 16384K, reserved 1048576K
}
Event: 9.290 GC heap after
{Heap after GC invocations=46 (full 0):
 garbage-first heap   total 201728K, used 124204K [0x0000000080000000, 0x0000000100000000)
  region size 1024K, 7 young (7168K), 7 survivors (7168K)
 Metaspace       used 111600K, committed 113728K, reserved 1179648K
  class space    used 15325K, committed 16384K, reserved 1048576K
}
Event: 9.507 GC heap before
{Heap before GC invocations=46 (full 0):
 garbage-first heap   total 201728K, used 174380K [0x0000000080000000, 0x0000000100000000)
  region size 1024K, 56 young (57344K), 7 survivors (7168K)
 Metaspace       used 112044K, committed 114176K, reserved 1179648K
  class space    used 15336K, committed 16384K, reserved 1048576K
}
Event: 9.518 GC heap after
{Heap after GC invocations=47 (full 0):
 garbage-first heap   total 242688K, used 132988K [0x0000000080000000, 0x0000000100000000)
  region size 1024K, 7 young (7168K), 7 survivors (7168K)
 Metaspace       used 112044K, committed 114176K, reserved 1179648K
  class space    used 15336K, committed 16384K, reserved 1048576K
}
Event: 9.593 GC heap before
{Heap before GC invocations=47 (full 0):
 garbage-first heap   total 242688K, used 145276K [0x0000000080000000, 0x0000000100000000)
  region size 1024K, 20 young (20480K), 7 survivors (7168K)
 Metaspace       used 113036K, committed 115136K, reserved 1179648K
  class space    used 15401K, committed 16448K, reserved 1048576K
}
Event: 9.597 GC heap after
{Heap after GC invocations=48 (full 0):
 garbage-first heap   total 242688K, used 135681K [0x0000000080000000, 0x0000000100000000)
  region size 1024K, 2 young (2048K), 2 survivors (2048K)
 Metaspace       used 113036K, committed 115136K, reserved 1179648K
  class space    used 15401K, committed 16448K, reserved 1048576K
}
Event: 9.896 GC heap before
{Heap before GC invocations=49 (full 0):
 garbage-first heap   total 242688K, used 204289K [0x0000000080000000, 0x0000000100000000)
  region size 1024K, 67 young (68608K), 2 survivors (2048K)
 Metaspace       used 116205K, committed 118400K, reserved 1179648K
  class space    used 15657K, committed 16768K, reserved 1048576K
}
Event: 9.910 GC heap after
{Heap after GC invocations=50 (full 0):
 garbage-first heap   total 259072K, used 187904K [0x0000000080000000, 0x0000000100000000)
  region size 1024K, 9 young (9216K), 9 survivors (9216K)
 Metaspace       used 116205K, committed 118400K, reserved 1179648K
  class space    used 15657K, committed 16768K, reserved 1048576K
}
Event: 10.147 GC heap before
{Heap before GC invocations=50 (full 0):
 garbage-first heap   total 259072K, used 217600K [0x0000000080000000, 0x0000000100000000)
  region size 1024K, 38 young (38912K), 9 survivors (9216K)
 Metaspace       used 119490K, committed 121664K, reserved 1179648K
  class space    used 16118K, committed 17216K, reserved 1048576K
}
Event: 10.153 GC heap after
{Heap after GC invocations=51 (full 0):
 garbage-first heap   total 259072K, used 192216K [0x0000000080000000, 0x0000000100000000)
  region size 1024K, 3 young (3072K), 3 survivors (3072K)
 Metaspace       used 119490K, committed 121664K, reserved 1179648K
  class space    used 16118K, committed 17216K, reserved 1048576K
}
Event: 10.264 GC heap before
{Heap before GC invocations=51 (full 0):
 garbage-first heap   total 259072K, used 222936K [0x0000000080000000, 0x0000000100000000)
  region size 1024K, 33 young (33792K), 3 survivors (3072K)
 Metaspace       used 120131K, committed 122304K, reserved 1179648K
  class space    used 16176K, committed 17280K, reserved 1048576K
}
Event: 10.269 GC heap after
{Heap after GC invocations=52 (full 0):
 garbage-first heap   total 259072K, used 197632K [0x0000000080000000, 0x0000000100000000)
  region size 1024K, 5 young (5120K), 5 survivors (5120K)
 Metaspace       used 120131K, committed 122304K, reserved 1179648K
  class space    used 16176K, committed 17280K, reserved 1048576K
}
Event: 10.394 GC heap before
{Heap before GC invocations=53 (full 0):
 garbage-first heap   total 357376K, used 229376K [0x0000000080000000, 0x0000000100000000)
  region size 1024K, 36 young (36864K), 5 survivors (5120K)
 Metaspace       used 120173K, committed 122368K, reserved 1179648K
  class space    used 16177K, committed 17280K, reserved 1048576K
}
Event: 10.401 GC heap after
{Heap after GC invocations=54 (full 0):
 garbage-first heap   total 357376K, used 218648K [0x0000000080000000, 0x0000000100000000)
  region size 1024K, 5 young (5120K), 5 survivors (5120K)
 Metaspace       used 120173K, committed 122368K, reserved 1179648K
  class space    used 16177K, committed 17280K, reserved 1048576K
}
Event: 10.494 GC heap before
{Heap before GC invocations=54 (full 0):
 garbage-first heap   total 357376K, used 287256K [0x0000000080000000, 0x0000000100000000)
  region size 1024K, 72 young (73728K), 5 survivors (5120K)
 Metaspace       used 120194K, committed 122368K, reserved 1179648K
  class space    used 16177K, committed 17280K, reserved 1048576K
}

