# JRE version: OpenJDK Runtime Environment (21.0.3) (build 21.0.3+-12282718-b509.11)
# Java VM: OpenJDK 64-Bit Server VM (21.0.3+-12282718-b509.11, mixed mode, tiered, compressed oops, compressed class ptrs, g1 gc, windows-amd64)
GC Precious Log:
 CardTable entry size: 512
 Card Set container configuration: InlinePtr #cards 5 size 8 Array Of Cards #cards 12 size 40 Howl #buckets 4 coarsen threshold 1843 Howl Bitmap #cards 512 size 80 coarsen threshold 460 Card regions per heap region 1 cards per card region 2048
 CPUs: 12 total, 12 available
 Memory: 16307M
 Large Page Support: Disabled
 NUMA Support: Disabled
 Compressed Oops: Enabled (32-bit)
 Heap Region Size: 1M
 Heap Min Capacity: 8M
 Heap Initial Capacity: 256M
 Heap Max Capacity: 2G
 Pre-touch: Disabled
 Parallel Workers: 10
 Concurrent Workers: 3
 Concurrent Refinement Workers: 10
 Periodic GC: Disabled
Heap:
 garbage-first heap   total 263168K, used 128883K [0x0000000080000000, 0x0000000100000000)
  region size 1024K, 11 young (11264K), 10 survivors (10240K)
 Metaspace       used 112069K, committed 114240K, reserved 1179648K
  class space    used 15278K, committed 16384K, reserved 1048576K
GC Heap History (20 events):
Event: 7.375 GC heap before
{Heap before GC invocations=28 (full 0):
 garbage-first heap   total 159744K, used 133971K [0x0000000080000000, 0x0000000100000000)
  region size 1024K, 59 young (60416K), 3 survivors (3072K)
 Metaspace       used 93380K, committed 95424K, reserved 1179648K
  class space    used 12931K, committed 13952K, reserved 1048576K
}
Event: 7.378 GC heap after
{Heap after GC invocations=29 (full 0):
 garbage-first heap   total 159744K, used 78856K [0x0000000080000000, 0x0000000100000000)
  region size 1024K, 6 young (6144K), 6 survivors (6144K)
 Metaspace       used 93380K, committed 95424K, reserved 1179648K
  class space    used 12931K, committed 13952K, reserved 1048576K
}
Event: 7.881 GC heap before
{Heap before GC invocations=29 (full 0):
 garbage-first heap   total 159744K, used 136200K [0x0000000080000000, 0x0000000100000000)
  region size 1024K, 62 young (63488K), 6 survivors (6144K)
 Metaspace       used 98510K, committed 100544K, reserved 1179648K
  class space    used 13647K, committed 14656K, reserved 1048576K
}
Event: 7.886 GC heap after
{Heap after GC invocations=30 (full 0):
 garbage-first heap   total 159744K, used 82205K [0x0000000080000000, 0x0000000100000000)
  region size 1024K, 7 young (7168K), 7 survivors (7168K)
 Metaspace       used 98510K, committed 100544K, reserved 1179648K
  class space    used 13647K, committed 14656K, reserved 1048576K
}
Event: 8.436 GC heap before
{Heap before GC invocations=31 (full 0):
 garbage-first heap   total 159744K, used 139549K [0x0000000080000000, 0x0000000100000000)
  region size 1024K, 63 young (64512K), 7 survivors (7168K)
 Metaspace       used 101504K, committed 103616K, reserved 1179648K
  class space    used 14111K, committed 15168K, reserved 1048576K
}
Event: 8.442 GC heap after
{Heap after GC invocations=32 (full 0):
 garbage-first heap   total 159744K, used 88822K [0x0000000080000000, 0x0000000100000000)
  region size 1024K, 8 young (8192K), 8 survivors (8192K)
 Metaspace       used 101504K, committed 103616K, reserved 1179648K
  class space    used 14111K, committed 15168K, reserved 1048576K
}
Event: 8.529 GC heap before
{Heap before GC invocations=32 (full 0):
 garbage-first heap   total 159744K, used 141046K [0x0000000080000000, 0x0000000100000000)
  region size 1024K, 59 young (60416K), 8 survivors (8192K)
 Metaspace       used 101525K, committed 103616K, reserved 1179648K
  class space    used 14112K, committed 15168K, reserved 1048576K
}
Event: 8.534 GC heap after
{Heap after GC invocations=33 (full 0):
 garbage-first heap   total 159744K, used 91021K [0x0000000080000000, 0x0000000100000000)
  region size 1024K, 5 young (5120K), 5 survivors (5120K)
 Metaspace       used 101525K, committed 103616K, reserved 1179648K
  class space    used 14112K, committed 15168K, reserved 1048576K
}
Event: 8.675 GC heap before
{Heap before GC invocations=33 (full 0):
 garbage-first heap   total 159744K, used 127885K [0x0000000080000000, 0x0000000100000000)
  region size 1024K, 43 young (44032K), 5 survivors (5120K)
 Metaspace       used 102058K, committed 104192K, reserved 1179648K
  class space    used 14225K, committed 15296K, reserved 1048576K
}
Event: 8.678 GC heap after
{Heap after GC invocations=34 (full 0):
 garbage-first heap   total 159744K, used 92516K [0x0000000080000000, 0x0000000100000000)
  region size 1024K, 6 young (6144K), 6 survivors (6144K)
 Metaspace       used 102058K, committed 104192K, reserved 1179648K
  class space    used 14225K, committed 15296K, reserved 1048576K
}
Event: 9.110 GC heap before
{Heap before GC invocations=35 (full 0):
 garbage-first heap   total 167936K, used 149860K [0x0000000080000000, 0x0000000100000000)
  region size 1024K, 56 young (57344K), 6 survivors (6144K)
 Metaspace       used 104686K, committed 106816K, reserved 1179648K
  class space    used 14452K, committed 15488K, reserved 1048576K
}
Event: 9.119 GC heap after
{Heap after GC invocations=36 (full 0):
 garbage-first heap   total 175104K, used 110024K [0x0000000080000000, 0x0000000100000000)
  region size 1024K, 7 young (7168K), 7 survivors (7168K)
 Metaspace       used 104686K, committed 106816K, reserved 1179648K
  class space    used 14452K, committed 15488K, reserved 1048576K
}
Event: 9.563 GC heap before
{Heap before GC invocations=36 (full 0):
 garbage-first heap   total 175104K, used 145864K [0x0000000080000000, 0x0000000100000000)
  region size 1024K, 43 young (44032K), 7 survivors (7168K)
 Metaspace       used 107576K, committed 109760K, reserved 1179648K
  class space    used 14810K, committed 15872K, reserved 1048576K
}
Event: 9.567 GC heap after
{Heap after GC invocations=37 (full 0):
 garbage-first heap   total 175104K, used 111834K [0x0000000080000000, 0x0000000100000000)
  region size 1024K, 2 young (2048K), 2 survivors (2048K)
 Metaspace       used 107576K, committed 109760K, reserved 1179648K
  class space    used 14810K, committed 15872K, reserved 1048576K
}
Event: 9.632 GC heap before
{Heap before GC invocations=37 (full 0):
 garbage-first heap   total 175104K, used 120026K [0x0000000080000000, 0x0000000100000000)
  region size 1024K, 12 young (12288K), 2 survivors (2048K)
 Metaspace       used 107629K, committed 109760K, reserved 1179648K
  class space    used 14811K, committed 15872K, reserved 1048576K
}
Event: 9.636 GC heap after
{Heap after GC invocations=38 (full 0):
 garbage-first heap   total 175104K, used 120983K [0x0000000080000000, 0x0000000100000000)
  region size 1024K, 5 young (5120K), 5 survivors (5120K)
 Metaspace       used 107629K, committed 109760K, reserved 1179648K
  class space    used 14811K, committed 15872K, reserved 1048576K
}
Event: 9.881 GC heap before
{Heap before GC invocations=39 (full 0):
 garbage-first heap   total 219136K, used 156823K [0x0000000080000000, 0x0000000100000000)
  region size 1024K, 26 young (26624K), 5 survivors (5120K)
 Metaspace       used 109438K, committed 111616K, reserved 1179648K
  class space    used 14975K, committed 16064K, reserved 1048576K
}
Event: 9.884 GC heap after
{Heap after GC invocations=40 (full 0):
 garbage-first heap   total 219136K, used 122137K [0x0000000080000000, 0x0000000100000000)
  region size 1024K, 2 young (2048K), 2 survivors (2048K)
 Metaspace       used 109438K, committed 111616K, reserved 1179648K
  class space    used 14975K, committed 16064K, reserved 1048576K
}
Event: 10.085 GC heap before
{Heap before GC invocations=40 (full 0):
 garbage-first heap   total 219136K, used 168217K [0x0000000080000000, 0x0000000100000000)
  region size 1024K, 48 young (49152K), 2 survivors (2048K)
 Metaspace       used 110527K, committed 112704K, reserved 1179648K
  class space    used 15104K, committed 16192K, reserved 1048576K
}
Event: 10.326 GC heap after
{Heap after GC invocations=41 (full 0):
 garbage-first heap   total 263168K, used 124577K [0x0000000080000000, 0x0000000100000000)
  region size 1024K, 5 young (5120K), 5 survivors (5120K)
 Metaspace       used 110527K, committed 112704K, reserved 1179648K
  class space    used 15104K, committed 16192K, reserved 1048576K
}

