# JRE version: OpenJDK Runtime Environment (21.0.3) (build 21.0.3+-12282718-b509.11)
# Java VM: OpenJDK 64-Bit Server VM (21.0.3+-12282718-b509.11, mixed mode, tiered, compressed oops, compressed class ptrs, g1 gc, windows-amd64)
GC Precious Log:
 CardTable entry size: 512
 Card Set container configuration: InlinePtr #cards 5 size 8 Array Of Cards #cards 12 size 40 Howl #buckets 4 coarsen threshold 1843 Howl Bitmap #cards 512 size 80 coarsen threshold 460 Card regions per heap region 1 cards per card region 2048
 CPUs: 12 total, 12 available
 Memory: 16307M
 Large Page Support: Disabled
 NUMA Support: Disabled
 Compressed Oops: Enabled (32-bit)
 Heap Region Size: 1M
 Heap Min Capacity: 8M
 Heap Initial Capacity: 256M
 Heap Max Capacity: 2G
 Pre-touch: Disabled
 Parallel Workers: 10
 Concurrent Workers: 3
 Concurrent Refinement Workers: 10
 Periodic GC: Disabled
Heap:
 garbage-first heap   total 368640K, used 259778K [0x0000000080000000, 0x0000000100000000)
  region size 1024K, 6 young (6144K), 6 survivors (6144K)
 Metaspace       used 120336K, committed 122560K, reserved 1179648K
  class space    used 16189K, committed 17280K, reserved 1048576K
GC Heap History (20 events):
Event: 8.895 GC heap after
{Heap after GC invocations=43 (full 0):
 garbage-first heap   total 199680K, used 98150K [0x0000000080000000, 0x0000000100000000)
  region size 1024K, 5 young (5120K), 5 survivors (5120K)
 Metaspace       used 105412K, committed 107520K, reserved 1179648K
  class space    used 14602K, committed 15680K, reserved 1048576K
}
Event: 9.394 GC heap before
{Heap before GC invocations=43 (full 0):
 garbage-first heap   total 199680K, used 181094K [0x0000000080000000, 0x0000000100000000)
  region size 1024K, 84 young (86016K), 5 survivors (5120K)
 Metaspace       used 111069K, committed 113280K, reserved 1179648K
  class space    used 15283K, committed 16384K, reserved 1048576K
}
Event: 9.401 GC heap after
{Heap after GC invocations=44 (full 0):
 garbage-first heap   total 203776K, used 113626K [0x0000000080000000, 0x0000000100000000)
  region size 1024K, 11 young (11264K), 11 survivors (11264K)
 Metaspace       used 111069K, committed 113280K, reserved 1179648K
  class space    used 15283K, committed 16384K, reserved 1048576K
}
Event: 9.815 GC heap before
{Heap before GC invocations=44 (full 0):
 garbage-first heap   total 203776K, used 179162K [0x0000000080000000, 0x0000000100000000)
  region size 1024K, 75 young (76800K), 11 survivors (11264K)
 Metaspace       used 111903K, committed 114048K, reserved 1179648K
  class space    used 15341K, committed 16448K, reserved 1048576K
}
Event: 9.827 GC heap after
{Heap after GC invocations=45 (full 0):
 garbage-first heap   total 206848K, used 130018K [0x0000000080000000, 0x0000000100000000)
  region size 1024K, 10 young (10240K), 10 survivors (10240K)
 Metaspace       used 111903K, committed 114048K, reserved 1179648K
  class space    used 15341K, committed 16448K, reserved 1048576K
}
Event: 10.208 GC heap before
{Heap before GC invocations=46 (full 0):
 garbage-first heap   total 232448K, used 183266K [0x0000000080000000, 0x0000000100000000)
  region size 1024K, 60 young (61440K), 10 survivors (10240K)
 Metaspace       used 116049K, committed 118272K, reserved 1179648K
  class space    used 15653K, committed 16768K, reserved 1048576K
}
Event: 10.217 GC heap after
{Heap after GC invocations=47 (full 0):
 garbage-first heap   total 232448K, used 139499K [0x0000000080000000, 0x0000000100000000)
  region size 1024K, 8 young (8192K), 8 survivors (8192K)
 Metaspace       used 116049K, committed 118272K, reserved 1179648K
  class space    used 15653K, committed 16768K, reserved 1048576K
}
Event: 10.469 GC heap before
{Heap before GC invocations=47 (full 0):
 garbage-first heap   total 232448K, used 201963K [0x0000000080000000, 0x0000000100000000)
  region size 1024K, 69 young (70656K), 8 survivors (8192K)
 Metaspace       used 116872K, committed 119040K, reserved 1179648K
  class space    used 15746K, committed 16832K, reserved 1048576K
}
Event: 10.486 GC heap after
{Heap after GC invocations=48 (full 0):
 garbage-first heap   total 317440K, used 190434K [0x0000000080000000, 0x0000000100000000)
  region size 1024K, 9 young (9216K), 9 survivors (9216K)
 Metaspace       used 116872K, committed 119040K, reserved 1179648K
  class space    used 15746K, committed 16832K, reserved 1048576K
}
Event: 10.828 GC heap before
{Heap before GC invocations=48 (full 0):
 garbage-first heap   total 317440K, used 248802K [0x0000000080000000, 0x0000000100000000)
  region size 1024K, 66 young (67584K), 9 survivors (9216K)
 Metaspace       used 120244K, committed 122496K, reserved 1179648K
  class space    used 16186K, committed 17280K, reserved 1048576K
}
Event: 10.834 GC heap after
{Heap after GC invocations=49 (full 0):
 garbage-first heap   total 317440K, used 198459K [0x0000000080000000, 0x0000000100000000)
  region size 1024K, 5 young (5120K), 5 survivors (5120K)
 Metaspace       used 120244K, committed 122496K, reserved 1179648K
  class space    used 16186K, committed 17280K, reserved 1048576K
}
Event: 10.926 GC heap before
{Heap before GC invocations=49 (full 0):
 garbage-first heap   total 317440K, used 258875K [0x0000000080000000, 0x0000000100000000)
  region size 1024K, 64 young (65536K), 5 survivors (5120K)
 Metaspace       used 120266K, committed 122496K, reserved 1179648K
  class space    used 16187K, committed 17280K, reserved 1048576K
}
Event: 10.940 GC heap after
{Heap after GC invocations=50 (full 0):
 garbage-first heap   total 317440K, used 251362K [0x0000000080000000, 0x0000000100000000)
  region size 1024K, 8 young (8192K), 8 survivors (8192K)
 Metaspace       used 120266K, committed 122496K, reserved 1179648K
  class space    used 16187K, committed 17280K, reserved 1048576K
}
Event: 10.986 GC heap before
{Heap before GC invocations=50 (full 0):
 garbage-first heap   total 317440K, used 276962K [0x0000000080000000, 0x0000000100000000)
  region size 1024K, 33 young (33792K), 8 survivors (8192K)
 Metaspace       used 120284K, committed 122496K, reserved 1179648K
  class space    used 16187K, committed 17280K, reserved 1048576K
}
Event: 10.991 GC heap after
{Heap after GC invocations=51 (full 0):
 garbage-first heap   total 317440K, used 255930K [0x0000000080000000, 0x0000000100000000)
  region size 1024K, 4 young (4096K), 4 survivors (4096K)
 Metaspace       used 120284K, committed 122496K, reserved 1179648K
  class space    used 16187K, committed 17280K, reserved 1048576K
}
Event: 11.071 GC heap before
{Heap before GC invocations=51 (full 0):
 garbage-first heap   total 317440K, used 282554K [0x0000000080000000, 0x0000000100000000)
  region size 1024K, 30 young (30720K), 4 survivors (4096K)
 Metaspace       used 120313K, committed 122560K, reserved 1179648K
  class space    used 16187K, committed 17280K, reserved 1048576K
}
Event: 11.075 GC heap after
{Heap after GC invocations=52 (full 0):
 garbage-first heap   total 317440K, used 267807K [0x0000000080000000, 0x0000000100000000)
  region size 1024K, 4 young (4096K), 4 survivors (4096K)
 Metaspace       used 120313K, committed 122560K, reserved 1179648K
  class space    used 16187K, committed 17280K, reserved 1048576K
}
Event: 11.118 GC heap before
{Heap before GC invocations=53 (full 0):
 garbage-first heap   total 368640K, used 240159K [0x0000000080000000, 0x0000000100000000)
  region size 1024K, 24 young (24576K), 4 survivors (4096K)
 Metaspace       used 120313K, committed 122560K, reserved 1179648K
  class space    used 16187K, committed 17280K, reserved 1048576K
}
Event: 11.123 GC heap after
{Heap after GC invocations=54 (full 0):
 garbage-first heap   total 368640K, used 241522K [0x0000000080000000, 0x0000000100000000)
  region size 1024K, 3 young (3072K), 3 survivors (3072K)
 Metaspace       used 120313K, committed 122560K, reserved 1179648K
  class space    used 16187K, committed 17280K, reserved 1048576K
}
Event: 11.174 GC heap before
{Heap before GC invocations=54 (full 0):
 garbage-first heap   total 368640K, used 286578K [0x0000000080000000, 0x0000000100000000)
  region size 1024K, 47 young (48128K), 3 survivors (3072K)
 Metaspace       used 120336K, committed 122560K, reserved 1179648K
  class space    used 16189K, committed 17280K, reserved 1048576K
}

